<?xml version="1.0" encoding="UTF-8"?>
<!-- Generated by org.testng.reporters.JUnitReportReporter -->
<testsuite skipped="0" hostname="Vishwanaths-MacBook-Pro.local" name="com.favebook.tests.FBLogInOutTest" tests="1" failures="0" timestamp="26 Jul 2020 11:25:08 GMT" time="19.935" errors="0">
  <testcase name="init" time="19.935" classname="com.favebook.tests.FBLogInOutTest"/>
</testsuite> <!-- com.favebook.tests.FBLogInOutTest -->
